INFO  11:36:36 Application started. Press Ctrl+C to shut down.
INFO  11:36:36 Hosting environment: Development
INFO  11:36:36 Content root path: C:\Users\Administrator\Documents\Technical Training\Projects\Newspapercartsite\NewspaperKart\NewspaperKart
INFO  11:36:50 Admin Controller - Add method called
INFO  11:36:50 User ScoobRegistered
INFO  12:58:55 Application started. Press Ctrl+C to shut down.
INFO  12:58:55 Hosting environment: Development
INFO  12:58:55 Content root path: C:\Users\Administrator\Documents\Technical_Training\Projects\Newspapercartsite\NewspaperKart\NewspaperKart
INFO  12:58:55 Demo Controller - Index method called(Home Page)
INFO  01:01:19 Application started. Press Ctrl+C to shut down.
INFO  01:01:19 Hosting environment: Development
INFO  01:01:19 Content root path: C:\Users\Administrator\Documents\Technical_Training\Projects\Newspapercartsite\NewspaperKart\NewspaperKart
INFO  01:01:19 Demo Controller - Index method called(Home Page)
ERROR 01:01:22 The view 'CustomerLogin' was not found. Searched locations: /Views/Customer/CustomerLogin.cshtml, /Views/Shared/CustomerLogin.cshtml
ERROR 01:01:23 An unhandled exception has occurred while executing the request.
System.InvalidOperationException: The view 'CustomerLogin' was not found. The following locations were searched:
/Views/Customer/CustomerLogin.cshtml
/Views/Shared/CustomerLogin.cshtml
   at Microsoft.AspNetCore.Mvc.ViewEngines.ViewEngineResult.EnsureSuccessful(IEnumerable`1 originalLocations)
   at Microsoft.AspNetCore.Mvc.ViewFeatures.ViewResultExecutor.ExecuteAsync(ActionContext context, ViewResult result)
   at Microsoft.AspNetCore.Mvc.ViewResult.ExecuteResultAsync(ActionContext context)
   at Microsoft.AspNetCore.Mvc.Infrastructure.ResourceInvoker.<InvokeNextResultFilterAsync>g__Awaited|29_0[TFilter,TFilterAsync](ResourceInvoker invoker, Task lastTask, State next, Scope scope, Object state, Boolean isCompleted)
   at Microsoft.AspNetCore.Mvc.Infrastructure.ResourceInvoker.Rethrow(ResultExecutedContextSealed context)
   at Microsoft.AspNetCore.Mvc.Infrastructure.ResourceInvoker.ResultNext[TFilter,TFilterAsync](State& next, Scope& scope, Object& state, Boolean& isCompleted)
   at Microsoft.AspNetCore.Mvc.Infrastructure.ResourceInvoker.InvokeResultFilters()
--- End of stack trace from previous location ---
   at Microsoft.AspNetCore.Mvc.Infrastructure.ResourceInvoker.<InvokeNextResourceFilter>g__Awaited|24_0(ResourceInvoker invoker, Task lastTask, State next, Scope scope, Object state, Boolean isCompleted)
   at Microsoft.AspNetCore.Mvc.Infrastructure.ResourceInvoker.Rethrow(ResourceExecutedContextSealed context)
   at Microsoft.AspNetCore.Mvc.Infrastructure.ResourceInvoker.Next(State& next, Scope& scope, Object& state, Boolean& isCompleted)
   at Microsoft.AspNetCore.Mvc.Infrastructure.ResourceInvoker.InvokeFilterPipelineAsync()
--- End of stack trace from previous location ---
   at Microsoft.AspNetCore.Mvc.Infrastructure.ResourceInvoker.<InvokeAsync>g__Awaited|17_0(ResourceInvoker invoker, Task task, IDisposable scope)
   at Microsoft.AspNetCore.Routing.EndpointMiddleware.<Invoke>g__AwaitRequestTask|6_0(Endpoint endpoint, Task requestTask, ILogger logger)
   at Microsoft.AspNetCore.Session.SessionMiddleware.Invoke(HttpContext context)
   at Microsoft.AspNetCore.Session.SessionMiddleware.Invoke(HttpContext context)
   at Microsoft.AspNetCore.Authorization.AuthorizationMiddleware.Invoke(HttpContext context)
   at Microsoft.AspNetCore.Diagnostics.DeveloperExceptionPageMiddleware.Invoke(HttpContext context)
INFO  01:03:31 Application started. Press Ctrl+C to shut down.
INFO  01:03:31 Hosting environment: Development
INFO  01:03:31 Content root path: C:\Users\Administrator\Documents\Technical_Training\Projects\Newspapercartsite\NewspaperKart\NewspaperKart
INFO  01:03:31 Demo Controller - Index method called(Home Page)
INFO  01:06:12 Application started. Press Ctrl+C to shut down.
INFO  01:06:12 Hosting environment: Development
INFO  01:06:12 Content root path: C:\Users\Administrator\Documents\Technical_Training\Projects\Newspapercartsite\NewspaperKart\NewspaperKart
INFO  01:06:12 Demo Controller - Index method called(Home Page)
ERROR 01:06:23 The view 'Index' was not found. Searched locations: /Views/Customer/Index.cshtml, /Views/Shared/Index.cshtml
ERROR 01:06:23 An unhandled exception has occurred while executing the request.
System.InvalidOperationException: The view 'Index' was not found. The following locations were searched:
/Views/Customer/Index.cshtml
/Views/Shared/Index.cshtml
   at Microsoft.AspNetCore.Mvc.ViewEngines.ViewEngineResult.EnsureSuccessful(IEnumerable`1 originalLocations)
   at Microsoft.AspNetCore.Mvc.ViewFeatures.ViewResultExecutor.ExecuteAsync(ActionContext context, ViewResult result)
   at Microsoft.AspNetCore.Mvc.ViewResult.ExecuteResultAsync(ActionContext context)
   at Microsoft.AspNetCore.Mvc.Infrastructure.ResourceInvoker.<InvokeNextResultFilterAsync>g__Awaited|29_0[TFilter,TFilterAsync](ResourceInvoker invoker, Task lastTask, State next, Scope scope, Object state, Boolean isCompleted)
   at Microsoft.AspNetCore.Mvc.Infrastructure.ResourceInvoker.Rethrow(ResultExecutedContextSealed context)
   at Microsoft.AspNetCore.Mvc.Infrastructure.ResourceInvoker.ResultNext[TFilter,TFilterAsync](State& next, Scope& scope, Object& state, Boolean& isCompleted)
   at Microsoft.AspNetCore.Mvc.Infrastructure.ResourceInvoker.InvokeResultFilters()
--- End of stack trace from previous location ---
   at Microsoft.AspNetCore.Mvc.Infrastructure.ResourceInvoker.<InvokeNextResourceFilter>g__Awaited|24_0(ResourceInvoker invoker, Task lastTask, State next, Scope scope, Object state, Boolean isCompleted)
   at Microsoft.AspNetCore.Mvc.Infrastructure.ResourceInvoker.Rethrow(ResourceExecutedContextSealed context)
   at Microsoft.AspNetCore.Mvc.Infrastructure.ResourceInvoker.Next(State& next, Scope& scope, Object& state, Boolean& isCompleted)
   at Microsoft.AspNetCore.Mvc.Infrastructure.ResourceInvoker.InvokeFilterPipelineAsync()
--- End of stack trace from previous location ---
   at Microsoft.AspNetCore.Mvc.Infrastructure.ResourceInvoker.<InvokeAsync>g__Awaited|17_0(ResourceInvoker invoker, Task task, IDisposable scope)
   at Microsoft.AspNetCore.Routing.EndpointMiddleware.<Invoke>g__AwaitRequestTask|6_0(Endpoint endpoint, Task requestTask, ILogger logger)
   at Microsoft.AspNetCore.Session.SessionMiddleware.Invoke(HttpContext context)
   at Microsoft.AspNetCore.Session.SessionMiddleware.Invoke(HttpContext context)
   at Microsoft.AspNetCore.Authorization.AuthorizationMiddleware.Invoke(HttpContext context)
   at Microsoft.AspNetCore.Diagnostics.DeveloperExceptionPageMiddleware.Invoke(HttpContext context)
INFO  01:07:24 Application started. Press Ctrl+C to shut down.
INFO  01:07:24 Hosting environment: Development
INFO  01:07:24 Content root path: C:\Users\Administrator\Documents\Technical_Training\Projects\Newspapercartsite\NewspaperKart\NewspaperKart
INFO  01:07:24 Demo Controller - Index method called(Home Page)
INFO  01:13:08 Application started. Press Ctrl+C to shut down.
INFO  01:13:08 Hosting environment: Development
INFO  01:13:08 Content root path: C:\Users\Administrator\Documents\Technical_Training\Projects\Newspapercartsite\NewspaperKart\NewspaperKart
INFO  01:13:08 Demo Controller - Index method called(Home Page)
ERROR 01:13:17 The view 'Index' was not found. Searched locations: /Views/Customer/Index.cshtml, /Views/Shared/Index.cshtml
ERROR 01:13:17 An unhandled exception has occurred while executing the request.
System.InvalidOperationException: The view 'Index' was not found. The following locations were searched:
/Views/Customer/Index.cshtml
/Views/Shared/Index.cshtml
   at Microsoft.AspNetCore.Mvc.ViewEngines.ViewEngineResult.EnsureSuccessful(IEnumerable`1 originalLocations)
   at Microsoft.AspNetCore.Mvc.ViewFeatures.ViewResultExecutor.ExecuteAsync(ActionContext context, ViewResult result)
   at Microsoft.AspNetCore.Mvc.ViewResult.ExecuteResultAsync(ActionContext context)
   at Microsoft.AspNetCore.Mvc.Infrastructure.ResourceInvoker.<InvokeNextResultFilterAsync>g__Awaited|29_0[TFilter,TFilterAsync](ResourceInvoker invoker, Task lastTask, State next, Scope scope, Object state, Boolean isCompleted)
   at Microsoft.AspNetCore.Mvc.Infrastructure.ResourceInvoker.Rethrow(ResultExecutedContextSealed context)
   at Microsoft.AspNetCore.Mvc.Infrastructure.ResourceInvoker.ResultNext[TFilter,TFilterAsync](State& next, Scope& scope, Object& state, Boolean& isCompleted)
   at Microsoft.AspNetCore.Mvc.Infrastructure.ResourceInvoker.InvokeResultFilters()
--- End of stack trace from previous location ---
   at Microsoft.AspNetCore.Mvc.Infrastructure.ResourceInvoker.<InvokeNextResourceFilter>g__Awaited|24_0(ResourceInvoker invoker, Task lastTask, State next, Scope scope, Object state, Boolean isCompleted)
   at Microsoft.AspNetCore.Mvc.Infrastructure.ResourceInvoker.Rethrow(ResourceExecutedContextSealed context)
   at Microsoft.AspNetCore.Mvc.Infrastructure.ResourceInvoker.Next(State& next, Scope& scope, Object& state, Boolean& isCompleted)
   at Microsoft.AspNetCore.Mvc.Infrastructure.ResourceInvoker.InvokeFilterPipelineAsync()
--- End of stack trace from previous location ---
   at Microsoft.AspNetCore.Mvc.Infrastructure.ResourceInvoker.<InvokeAsync>g__Awaited|17_0(ResourceInvoker invoker, Task task, IDisposable scope)
   at Microsoft.AspNetCore.Routing.EndpointMiddleware.<Invoke>g__AwaitRequestTask|6_0(Endpoint endpoint, Task requestTask, ILogger logger)
   at Microsoft.AspNetCore.Session.SessionMiddleware.Invoke(HttpContext context)
   at Microsoft.AspNetCore.Session.SessionMiddleware.Invoke(HttpContext context)
   at Microsoft.AspNetCore.Authorization.AuthorizationMiddleware.Invoke(HttpContext context)
   at Microsoft.AspNetCore.Diagnostics.DeveloperExceptionPageMiddleware.Invoke(HttpContext context)
INFO  01:14:15 Application started. Press Ctrl+C to shut down.
INFO  01:14:15 Hosting environment: Development
INFO  01:14:15 Content root path: C:\Users\Administrator\Documents\Technical_Training\Projects\Newspapercartsite\NewspaperKart\NewspaperKart
INFO  01:14:15 Demo Controller - Index method called(Home Page)
INFO  01:14:26 Home Controller - Index method called
INFO  01:23:10 Application started. Press Ctrl+C to shut down.
INFO  01:23:10 Hosting environment: Development
INFO  01:23:10 Content root path: C:\Users\Administrator\Documents\Technical_Training\Projects\Newspapercartsite\NewspaperKart\NewspaperKart
INFO  01:23:10 Demo Controller - Index method called(Home Page)
INFO  01:23:29 Home Controller - Admin method called
INFO  01:30:15 Application started. Press Ctrl+C to shut down.
INFO  01:30:15 Hosting environment: Development
INFO  01:30:15 Content root path: C:\Users\Administrator\Documents\Technical_Training\Projects\Newspapercartsite\NewspaperKart\NewspaperKart
INFO  01:30:15 Demo Controller - Index method called(Home Page)
INFO  01:32:59 Home Controller - Vendor method called
INFO  09:45:22 Application started. Press Ctrl+C to shut down.
INFO  09:45:22 Hosting environment: Development
INFO  09:45:22 Content root path: C:\Users\Administrator\Documents\Technical_Training\Projects\Newspapercartsite\NewspaperKart\NewspaperKart
INFO  09:45:23 Demo Controller - Index method called(Home Page)
INFO  09:45:46 Application started. Press Ctrl+C to shut down.
INFO  09:45:46 Hosting environment: Development
INFO  09:45:46 Content root path: C:\Users\Administrator\Documents\Technical_Training\Projects\Newspapercartsite\NewspaperKart\NewspaperKart
INFO  09:45:46 Demo Controller - Index method called(Home Page)
INFO  09:46:59 Application started. Press Ctrl+C to shut down.
INFO  09:46:59 Hosting environment: Development
INFO  09:46:59 Content root path: C:\Users\Administrator\Documents\Technical_Training\Projects\Newspapercartsite\NewspaperKart\NewspaperKart
INFO  09:47:07 Application started. Press Ctrl+C to shut down.
INFO  09:47:07 Hosting environment: Development
INFO  09:47:07 Content root path: C:\Users\Administrator\Documents\Technical_Training\Projects\Newspapercartsite\NewspaperKart\NewspaperKart
INFO  09:48:18 Application started. Press Ctrl+C to shut down.
INFO  09:48:18 Hosting environment: Development
INFO  09:48:18 Content root path: C:\Users\Administrator\Documents\Technical_Training\Projects\Newspapercartsite\NewspaperKart\NewspaperKart
INFO  09:49:22 Application started. Press Ctrl+C to shut down.
INFO  09:49:22 Hosting environment: Development
INFO  09:49:22 Content root path: C:\Users\Administrator\Documents\Technical_Training\Projects\Newspapercartsite\NewspaperKart\NewspaperKart
INFO  09:49:37 Application started. Press Ctrl+C to shut down.
INFO  09:49:37 Hosting environment: Development
INFO  09:49:37 Content root path: C:\Users\Administrator\Documents\Technical_Training\Projects\Newspapercartsite\NewspaperKart\NewspaperKart
INFO  09:49:45 Application started. Press Ctrl+C to shut down.
INFO  09:49:45 Hosting environment: Development
INFO  09:49:45 Content root path: C:\Users\Administrator\Documents\Technical_Training\Projects\Newspapercartsite\NewspaperKart\NewspaperKart
INFO  09:49:53 Application started. Press Ctrl+C to shut down.
INFO  09:49:53 Hosting environment: Development
INFO  09:49:53 Content root path: C:\Users\Administrator\Documents\Technical_Training\Projects\Newspapercartsite\NewspaperKart\NewspaperKart
INFO  09:50:01 Application started. Press Ctrl+C to shut down.
INFO  09:50:01 Hosting environment: Development
INFO  09:50:01 Content root path: C:\Users\Administrator\Documents\Technical_Training\Projects\Newspapercartsite\NewspaperKart\NewspaperKart
INFO  09:50:08 Application started. Press Ctrl+C to shut down.
INFO  09:50:08 Hosting environment: Development
INFO  09:50:08 Content root path: C:\Users\Administrator\Documents\Technical_Training\Projects\Newspapercartsite\NewspaperKart\NewspaperKart
INFO  09:50:25 Application started. Press Ctrl+C to shut down.
INFO  09:50:25 Hosting environment: Development
INFO  09:50:25 Content root path: C:\Users\Administrator\Documents\Technical_Training\Projects\Newspapercartsite\NewspaperKart\NewspaperKart
INFO  09:50:50 Application started. Press Ctrl+C to shut down.
INFO  09:50:50 Hosting environment: Development
INFO  09:50:50 Content root path: C:\Users\Administrator\Documents\Technical_Training\Projects\Newspapercartsite\NewspaperKart\NewspaperKart
INFO  09:51:09 Application started. Press Ctrl+C to shut down.
INFO  09:51:09 Hosting environment: Development
INFO  09:51:09 Content root path: C:\Users\Administrator\Documents\Technical_Training\Projects\Newspapercartsite\NewspaperKart\NewspaperKart
INFO  09:51:22 Application started. Press Ctrl+C to shut down.
INFO  09:51:22 Hosting environment: Development
INFO  09:51:22 Content root path: C:\Users\Administrator\Documents\Technical_Training\Projects\Newspapercartsite\NewspaperKart\NewspaperKart
INFO  09:51:51 Application started. Press Ctrl+C to shut down.
INFO  09:51:51 Hosting environment: Development
INFO  09:51:51 Content root path: C:\Users\Administrator\Documents\Technical_Training\Projects\Newspapercartsite\NewspaperKart\NewspaperKart
INFO  09:52:12 Application started. Press Ctrl+C to shut down.
INFO  09:52:12 Hosting environment: Development
INFO  09:52:12 Content root path: C:\Users\Administrator\Documents\Technical_Training\Projects\Newspapercartsite\NewspaperKart\NewspaperKart
INFO  09:52:30 Application started. Press Ctrl+C to shut down.
INFO  09:52:30 Hosting environment: Development
INFO  09:52:30 Content root path: C:\Users\Administrator\Documents\Technical_Training\Projects\Newspapercartsite\NewspaperKart\NewspaperKart
INFO  09:53:58 Application started. Press Ctrl+C to shut down.
INFO  09:53:58 Hosting environment: Development
INFO  09:53:58 Content root path: C:\Users\Administrator\Documents\Technical_Training\Projects\Newspapercartsite\NewspaperKart\NewspaperKart
INFO  09:54:16 Application started. Press Ctrl+C to shut down.
INFO  09:54:16 Hosting environment: Development
INFO  09:54:16 Content root path: C:\Users\Administrator\Documents\Technical_Training\Projects\Newspapercartsite\NewspaperKart\NewspaperKart
INFO  09:54:35 Application started. Press Ctrl+C to shut down.
INFO  09:54:35 Hosting environment: Development
INFO  09:54:35 Content root path: C:\Users\Administrator\Documents\Technical_Training\Projects\Newspapercartsite\NewspaperKart\NewspaperKart
INFO  09:54:52 Application started. Press Ctrl+C to shut down.
INFO  09:54:52 Hosting environment: Development
INFO  09:54:52 Content root path: C:\Users\Administrator\Documents\Technical_Training\Projects\Newspapercartsite\NewspaperKart\NewspaperKart
INFO  09:55:46 Application started. Press Ctrl+C to shut down.
INFO  09:55:46 Hosting environment: Development
INFO  09:55:46 Content root path: C:\Users\Administrator\Documents\Technical_Training\Projects\Newspapercartsite\NewspaperKart\NewspaperKart
INFO  09:55:54 Application started. Press Ctrl+C to shut down.
INFO  09:55:54 Hosting environment: Development
INFO  09:55:54 Content root path: C:\Users\Administrator\Documents\Technical_Training\Projects\Newspapercartsite\NewspaperKart\NewspaperKart
INFO  09:56:11 Application started. Press Ctrl+C to shut down.
INFO  09:56:11 Hosting environment: Development
INFO  09:56:11 Content root path: C:\Users\Administrator\Documents\Technical_Training\Projects\Newspapercartsite\NewspaperKart\NewspaperKart
INFO  09:57:27 Application started. Press Ctrl+C to shut down.
INFO  09:57:27 Hosting environment: Development
INFO  09:57:27 Content root path: C:\Users\Administrator\Documents\Technical_Training\Projects\Newspapercartsite\NewspaperKart\NewspaperKart
INFO  10:03:13 Application started. Press Ctrl+C to shut down.
INFO  10:03:13 Hosting environment: Development
INFO  10:03:13 Content root path: C:\Users\Administrator\Documents\Technical_Training\Projects\Newspapercartsite\NewspaperKart\NewspaperKart
INFO  10:11:26 Application started. Press Ctrl+C to shut down.
INFO  10:11:26 Hosting environment: Development
INFO  10:11:26 Content root path: C:\Users\Administrator\Documents\Technical_Training\Projects\Newspapercartsite\NewspaperKart\NewspaperKart
INFO  10:12:13 Application started. Press Ctrl+C to shut down.
INFO  10:12:13 Hosting environment: Development
INFO  10:12:13 Content root path: C:\Users\Administrator\Documents\Technical_Training\Projects\Newspapercartsite\NewspaperKart\NewspaperKart
INFO  10:12:24 Application started. Press Ctrl+C to shut down.
INFO  10:12:24 Hosting environment: Development
INFO  10:12:24 Content root path: C:\Users\Administrator\Documents\Technical_Training\Projects\Newspapercartsite\NewspaperKart\NewspaperKart
INFO  10:12:31 Application started. Press Ctrl+C to shut down.
INFO  10:12:31 Hosting environment: Development
INFO  10:12:31 Content root path: C:\Users\Administrator\Documents\Technical_Training\Projects\Newspapercartsite\NewspaperKart\NewspaperKart
INFO  10:12:42 Application started. Press Ctrl+C to shut down.
INFO  10:12:42 Hosting environment: Development
INFO  10:12:42 Content root path: C:\Users\Administrator\Documents\Technical_Training\Projects\Newspapercartsite\NewspaperKart\NewspaperKart
INFO  10:14:46 Application started. Press Ctrl+C to shut down.
INFO  10:14:46 Hosting environment: Development
INFO  10:14:46 Content root path: C:\Users\Administrator\Documents\Technical_Training\Projects\Newspapercartsite\NewspaperKart\NewspaperKart
INFO  10:15:27 Application started. Press Ctrl+C to shut down.
INFO  10:15:27 Hosting environment: Development
INFO  10:15:27 Content root path: C:\Users\Administrator\Documents\Technical_Training\Projects\Newspapercartsite\NewspaperKart\NewspaperKart
INFO  10:15:57 Application started. Press Ctrl+C to shut down.
INFO  10:15:57 Hosting environment: Development
INFO  10:15:57 Content root path: C:\Users\Administrator\Documents\Technical_Training\Projects\Newspapercartsite\NewspaperKart\NewspaperKart
INFO  10:16:19 Application started. Press Ctrl+C to shut down.
INFO  10:16:19 Hosting environment: Development
INFO  10:16:19 Content root path: C:\Users\Administrator\Documents\Technical_Training\Projects\Newspapercartsite\NewspaperKart\NewspaperKart
INFO  10:16:40 Application started. Press Ctrl+C to shut down.
INFO  10:16:40 Hosting environment: Development
INFO  10:16:40 Content root path: C:\Users\Administrator\Documents\Technical_Training\Projects\Newspapercartsite\NewspaperKart\NewspaperKart
INFO  10:16:52 Application started. Press Ctrl+C to shut down.
INFO  10:16:52 Hosting environment: Development
INFO  10:16:52 Content root path: C:\Users\Administrator\Documents\Technical_Training\Projects\Newspapercartsite\NewspaperKart\NewspaperKart
INFO  10:17:07 Application started. Press Ctrl+C to shut down.
INFO  10:17:07 Hosting environment: Development
INFO  10:17:07 Content root path: C:\Users\Administrator\Documents\Technical_Training\Projects\Newspapercartsite\NewspaperKart\NewspaperKart
INFO  10:17:19 Application started. Press Ctrl+C to shut down.
INFO  10:17:19 Hosting environment: Development
INFO  10:17:19 Content root path: C:\Users\Administrator\Documents\Technical_Training\Projects\Newspapercartsite\NewspaperKart\NewspaperKart
INFO  10:17:35 Application started. Press Ctrl+C to shut down.
INFO  10:17:35 Hosting environment: Development
INFO  10:17:35 Content root path: C:\Users\Administrator\Documents\Technical_Training\Projects\Newspapercartsite\NewspaperKart\NewspaperKart
INFO  10:17:57 Application started. Press Ctrl+C to shut down.
INFO  10:17:57 Hosting environment: Development
INFO  10:17:57 Content root path: C:\Users\Administrator\Documents\Technical_Training\Projects\Newspapercartsite\NewspaperKart\NewspaperKart
INFO  10:18:08 Application started. Press Ctrl+C to shut down.
INFO  10:18:08 Hosting environment: Development
INFO  10:18:08 Content root path: C:\Users\Administrator\Documents\Technical_Training\Projects\Newspapercartsite\NewspaperKart\NewspaperKart
INFO  10:19:05 Application started. Press Ctrl+C to shut down.
INFO  10:19:05 Hosting environment: Development
INFO  10:19:05 Content root path: C:\Users\Administrator\Documents\Technical_Training\Projects\Newspapercartsite\NewspaperKart\NewspaperKart
INFO  10:19:18 Application started. Press Ctrl+C to shut down.
INFO  10:19:18 Hosting environment: Development
INFO  10:19:18 Content root path: C:\Users\Administrator\Documents\Technical_Training\Projects\Newspapercartsite\NewspaperKart\NewspaperKart
INFO  10:19:28 Application started. Press Ctrl+C to shut down.
INFO  10:19:28 Hosting environment: Development
INFO  10:19:28 Content root path: C:\Users\Administrator\Documents\Technical_Training\Projects\Newspapercartsite\NewspaperKart\NewspaperKart
INFO  10:20:55 Application started. Press Ctrl+C to shut down.
INFO  10:20:55 Hosting environment: Development
INFO  10:20:55 Content root path: C:\Users\Administrator\Documents\Technical_Training\Projects\Newspapercartsite\NewspaperKart\NewspaperKart
INFO  10:21:18 Application started. Press Ctrl+C to shut down.
INFO  10:21:18 Hosting environment: Development
INFO  10:21:18 Content root path: C:\Users\Administrator\Documents\Technical_Training\Projects\Newspapercartsite\NewspaperKart\NewspaperKart
INFO  10:22:01 Application started. Press Ctrl+C to shut down.
INFO  10:22:01 Hosting environment: Development
INFO  10:22:01 Content root path: C:\Users\Administrator\Documents\Technical_Training\Projects\Newspapercartsite\NewspaperKart\NewspaperKart
INFO  10:36:36 Application started. Press Ctrl+C to shut down.
INFO  10:36:36 Hosting environment: Development
INFO  10:36:36 Content root path: C:\Users\Administrator\Documents\Technical_Training\Projects\Newspapercartsite\NewspaperKart\NewspaperKart
INFO  10:37:34 Application started. Press Ctrl+C to shut down.
INFO  10:37:34 Hosting environment: Development
INFO  10:37:34 Content root path: C:\Users\Administrator\Documents\Technical_Training\Projects\Newspapercartsite\NewspaperKart\NewspaperKart
INFO  10:37:56 Application started. Press Ctrl+C to shut down.
INFO  10:37:56 Hosting environment: Development
INFO  10:37:56 Content root path: C:\Users\Administrator\Documents\Technical_Training\Projects\Newspapercartsite\NewspaperKart\NewspaperKart
INFO  10:38:07 Application started. Press Ctrl+C to shut down.
INFO  10:38:07 Hosting environment: Development
INFO  10:38:07 Content root path: C:\Users\Administrator\Documents\Technical_Training\Projects\Newspapercartsite\NewspaperKart\NewspaperKart
INFO  10:38:17 Application started. Press Ctrl+C to shut down.
INFO  10:38:17 Hosting environment: Development
INFO  10:38:17 Content root path: C:\Users\Administrator\Documents\Technical_Training\Projects\Newspapercartsite\NewspaperKart\NewspaperKart
INFO  10:38:32 Application started. Press Ctrl+C to shut down.
INFO  10:38:32 Hosting environment: Development
INFO  10:38:32 Content root path: C:\Users\Administrator\Documents\Technical_Training\Projects\Newspapercartsite\NewspaperKart\NewspaperKart
INFO  10:38:57 Application started. Press Ctrl+C to shut down.
INFO  10:38:57 Hosting environment: Development
INFO  10:38:57 Content root path: C:\Users\Administrator\Documents\Technical_Training\Projects\Newspapercartsite\NewspaperKart\NewspaperKart
INFO  10:39:08 Application started. Press Ctrl+C to shut down.
INFO  10:39:08 Hosting environment: Development
INFO  10:39:08 Content root path: C:\Users\Administrator\Documents\Technical_Training\Projects\Newspapercartsite\NewspaperKart\NewspaperKart
INFO  10:39:17 Application started. Press Ctrl+C to shut down.
INFO  10:39:17 Hosting environment: Development
INFO  10:39:17 Content root path: C:\Users\Administrator\Documents\Technical_Training\Projects\Newspapercartsite\NewspaperKart\NewspaperKart
INFO  10:39:39 Application started. Press Ctrl+C to shut down.
INFO  10:39:39 Hosting environment: Development
INFO  10:39:39 Content root path: C:\Users\Administrator\Documents\Technical_Training\Projects\Newspapercartsite\NewspaperKart\NewspaperKart
INFO  10:39:48 Application started. Press Ctrl+C to shut down.
INFO  10:39:48 Hosting environment: Development
INFO  10:39:48 Content root path: C:\Users\Administrator\Documents\Technical_Training\Projects\Newspapercartsite\NewspaperKart\NewspaperKart
INFO  10:40:02 Application started. Press Ctrl+C to shut down.
INFO  10:40:02 Hosting environment: Development
INFO  10:40:02 Content root path: C:\Users\Administrator\Documents\Technical_Training\Projects\Newspapercartsite\NewspaperKart\NewspaperKart
INFO  10:40:47 Application started. Press Ctrl+C to shut down.
INFO  10:40:47 Hosting environment: Development
INFO  10:40:47 Content root path: C:\Users\Administrator\Documents\Technical_Training\Projects\Newspapercartsite\NewspaperKart\NewspaperKart
INFO  10:41:29 Application started. Press Ctrl+C to shut down.
INFO  10:41:29 Hosting environment: Development
INFO  10:41:29 Content root path: C:\Users\Administrator\Documents\Technical_Training\Projects\Newspapercartsite\NewspaperKart\NewspaperKart
INFO  10:41:59 Application started. Press Ctrl+C to shut down.
INFO  10:41:59 Hosting environment: Development
INFO  10:41:59 Content root path: C:\Users\Administrator\Documents\Technical_Training\Projects\Newspapercartsite\NewspaperKart\NewspaperKart
INFO  10:42:25 Application started. Press Ctrl+C to shut down.
INFO  10:42:25 Hosting environment: Development
INFO  10:42:25 Content root path: C:\Users\Administrator\Documents\Technical_Training\Projects\Newspapercartsite\NewspaperKart\NewspaperKart
INFO  10:42:50 Application started. Press Ctrl+C to shut down.
INFO  10:42:50 Hosting environment: Development
INFO  10:42:50 Content root path: C:\Users\Administrator\Documents\Technical_Training\Projects\Newspapercartsite\NewspaperKart\NewspaperKart
ERROR 10:45:40 An unhandled exception has occurred while executing the request.
System.AggregateException: One or more errors occurred. (No connection could be made because the target machine actively refused it. (localhost:44322))
 ---> System.Net.Http.HttpRequestException: No connection could be made because the target machine actively refused it. (localhost:44322)
 ---> System.Net.Sockets.SocketException (10061): No connection could be made because the target machine actively refused it.
   at System.Net.Sockets.Socket.AwaitableSocketAsyncEventArgs.ThrowException(SocketError error, CancellationToken cancellationToken)
   at System.Net.Sockets.Socket.AwaitableSocketAsyncEventArgs.System.Threading.Tasks.Sources.IValueTaskSource.GetResult(Int16 token)
   at System.Net.Sockets.Socket.<ConnectAsync>g__WaitForConnectWithCancellation|283_0(AwaitableSocketAsyncEventArgs saea, ValueTask connectTask, CancellationToken cancellationToken)
   at System.Net.Http.HttpConnectionPool.DefaultConnectAsync(SocketsHttpConnectionContext context, CancellationToken cancellationToken)
   at System.Net.Http.ConnectHelper.ConnectAsync(Func`3 callback, DnsEndPoint endPoint, HttpRequestMessage requestMessage, CancellationToken cancellationToken)
   --- End of inner exception stack trace ---
   at System.Net.Http.ConnectHelper.ConnectAsync(Func`3 callback, DnsEndPoint endPoint, HttpRequestMessage requestMessage, CancellationToken cancellationToken)
   at System.Net.Http.HttpConnectionPool.ConnectAsync(HttpRequestMessage request, Boolean async, CancellationToken cancellationToken)
   at System.Net.Http.HttpConnectionPool.CreateHttp11ConnectionAsync(HttpRequestMessage request, Boolean async, CancellationToken cancellationToken)
   at System.Net.Http.HttpConnectionPool.GetHttpConnectionAsync(HttpRequestMessage request, Boolean async, CancellationToken cancellationToken)
   at System.Net.Http.HttpConnectionPool.SendWithRetryAsync(HttpRequestMessage request, Boolean async, Boolean doRequestAuth, CancellationToken cancellationToken)
   at System.Net.Http.RedirectHandler.SendAsync(HttpRequestMessage request, Boolean async, CancellationToken cancellationToken)
   at System.Net.Http.DiagnosticsHandler.SendAsyncCore(HttpRequestMessage request, Boolean async, CancellationToken cancellationToken)
   at System.Net.Http.HttpClient.SendAsyncCore(HttpRequestMessage request, HttpCompletionOption completionOption, Boolean async, Boolean emitTelemetryStartStop, CancellationToken cancellationToken)
   --- End of inner exception stack trace ---
   at System.Threading.Tasks.Task`1.GetResultCore(Boolean waitCompletionNotification)
   at System.Threading.Tasks.Task`1.get_Result()
   at NewspaperKart.Controllers.CustomerController.CustomerLogin(Customertbl c) in C:\Users\Administrator\Documents\Technical_Training\Projects\Newspapercartsite\NewspaperKart\NewspaperKart\Controllers\CustomerController.cs:line 56
   at lambda_method38(Closure , Object , Object[] )
   at Microsoft.AspNetCore.Mvc.Infrastructure.ActionMethodExecutor.SyncActionResultExecutor.Execute(IActionResultTypeMapper mapper, ObjectMethodExecutor executor, Object controller, Object[] arguments)
   at Microsoft.AspNetCore.Mvc.Infrastructure.ControllerActionInvoker.InvokeActionMethodAsync()
   at Microsoft.AspNetCore.Mvc.Infrastructure.ControllerActionInvoker.Next(State& next, Scope& scope, Object& state, Boolean& isCompleted)
   at Microsoft.AspNetCore.Mvc.Infrastructure.ControllerActionInvoker.InvokeNextActionFilterAsync()
--- End of stack trace from previous location ---
   at Microsoft.AspNetCore.Mvc.Infrastructure.ControllerActionInvoker.Rethrow(ActionExecutedContextSealed context)
   at Microsoft.AspNetCore.Mvc.Infrastructure.ControllerActionInvoker.Next(State& next, Scope& scope, Object& state, Boolean& isCompleted)
   at Microsoft.AspNetCore.Mvc.Infrastructure.ControllerActionInvoker.InvokeInnerFilterAsync()
--- End of stack trace from previous location ---
   at Microsoft.AspNetCore.Mvc.Infrastructure.ResourceInvoker.<InvokeNextResourceFilter>g__Awaited|24_0(ResourceInvoker invoker, Task lastTask, State next, Scope scope, Object state, Boolean isCompleted)
   at Microsoft.AspNetCore.Mvc.Infrastructure.ResourceInvoker.Rethrow(ResourceExecutedContextSealed context)
   at Microsoft.AspNetCore.Mvc.Infrastructure.ResourceInvoker.Next(State& next, Scope& scope, Object& state, Boolean& isCompleted)
   at Microsoft.AspNetCore.Mvc.Infrastructure.ResourceInvoker.InvokeFilterPipelineAsync()
--- End of stack trace from previous location ---
   at Microsoft.AspNetCore.Mvc.Infrastructure.ResourceInvoker.<InvokeAsync>g__Awaited|17_0(ResourceInvoker invoker, Task task, IDisposable scope)
   at Microsoft.AspNetCore.Routing.EndpointMiddleware.<Invoke>g__AwaitRequestTask|6_0(Endpoint endpoint, Task requestTask, ILogger logger)
   at Microsoft.AspNetCore.Session.SessionMiddleware.Invoke(HttpContext context)
   at Microsoft.AspNetCore.Session.SessionMiddleware.Invoke(HttpContext context)
   at Microsoft.AspNetCore.Authorization.AuthorizationMiddleware.Invoke(HttpContext context)
   at Microsoft.AspNetCore.Diagnostics.DeveloperExceptionPageMiddleware.Invoke(HttpContext context)
INFO  10:46:45 Home Controller - Index method called
INFO  10:46:52 NewspaperDetails Controller - Times of India
INFO  10:46:54 NewspaperDetails Controller - The Hindu
INFO  10:47:46 Subscription Controller - Add method called
INFO  10:47:46 User Rob Subscribed newspaper with id 1
ERROR 10:47:50 An unhandled exception has occurred while executing the request.
System.Net.Http.HttpRequestException: No connection could be made because the target machine actively refused it. (localhost:44337)
 ---> System.Net.Sockets.SocketException (10061): No connection could be made because the target machine actively refused it.
   at System.Net.Sockets.Socket.AwaitableSocketAsyncEventArgs.ThrowException(SocketError error, CancellationToken cancellationToken)
   at System.Net.Sockets.Socket.AwaitableSocketAsyncEventArgs.System.Threading.Tasks.Sources.IValueTaskSource.GetResult(Int16 token)
   at System.Net.Sockets.Socket.<ConnectAsync>g__WaitForConnectWithCancellation|283_0(AwaitableSocketAsyncEventArgs saea, ValueTask connectTask, CancellationToken cancellationToken)
   at System.Net.Http.HttpConnectionPool.DefaultConnectAsync(SocketsHttpConnectionContext context, CancellationToken cancellationToken)
   at System.Net.Http.ConnectHelper.ConnectAsync(Func`3 callback, DnsEndPoint endPoint, HttpRequestMessage requestMessage, CancellationToken cancellationToken)
   --- End of inner exception stack trace ---
   at System.Net.Http.ConnectHelper.ConnectAsync(Func`3 callback, DnsEndPoint endPoint, HttpRequestMessage requestMessage, CancellationToken cancellationToken)
   at System.Net.Http.HttpConnectionPool.ConnectAsync(HttpRequestMessage request, Boolean async, CancellationToken cancellationToken)
   at System.Net.Http.HttpConnectionPool.CreateHttp11ConnectionAsync(HttpRequestMessage request, Boolean async, CancellationToken cancellationToken)
   at System.Net.Http.HttpConnectionPool.GetHttpConnectionAsync(HttpRequestMessage request, Boolean async, CancellationToken cancellationToken)
   at System.Net.Http.HttpConnectionPool.SendWithRetryAsync(HttpRequestMessage request, Boolean async, Boolean doRequestAuth, CancellationToken cancellationToken)
   at System.Net.Http.RedirectHandler.SendAsync(HttpRequestMessage request, Boolean async, CancellationToken cancellationToken)
   at System.Net.Http.DiagnosticsHandler.SendAsyncCore(HttpRequestMessage request, Boolean async, CancellationToken cancellationToken)
   at System.Net.Http.HttpClient.SendAsyncCore(HttpRequestMessage request, HttpCompletionOption completionOption, Boolean async, Boolean emitTelemetryStartStop, CancellationToken cancellationToken)
   at NewspaperKart.Controllers.SubscriptionController.AddSubscription(Subscriptiontbl s) in C:\Users\Administrator\Documents\Technical_Training\Projects\Newspapercartsite\NewspaperKart\NewspaperKart\Controllers\SubscriptionController.cs:line 63
   at lambda_method88(Closure , Object )
   at Microsoft.AspNetCore.Mvc.Infrastructure.ActionMethodExecutor.TaskOfActionResultExecutor.Execute(IActionResultTypeMapper mapper, ObjectMethodExecutor executor, Object controller, Object[] arguments)
   at Microsoft.AspNetCore.Mvc.Infrastructure.ControllerActionInvoker.<InvokeActionMethodAsync>g__Awaited|12_0(ControllerActionInvoker invoker, ValueTask`1 actionResultValueTask)
   at Microsoft.AspNetCore.Mvc.Infrastructure.ControllerActionInvoker.<InvokeNextActionFilterAsync>g__Awaited|10_0(ControllerActionInvoker invoker, Task lastTask, State next, Scope scope, Object state, Boolean isCompleted)
   at Microsoft.AspNetCore.Mvc.Infrastructure.ControllerActionInvoker.Rethrow(ActionExecutedContextSealed context)
   at Microsoft.AspNetCore.Mvc.Infrastructure.ControllerActionInvoker.Next(State& next, Scope& scope, Object& state, Boolean& isCompleted)
   at Microsoft.AspNetCore.Mvc.Infrastructure.ControllerActionInvoker.<InvokeInnerFilterAsync>g__Awaited|13_0(ControllerActionInvoker invoker, Task lastTask, State next, Scope scope, Object state, Boolean isCompleted)
   at Microsoft.AspNetCore.Mvc.Infrastructure.ResourceInvoker.<InvokeNextResourceFilter>g__Awaited|24_0(ResourceInvoker invoker, Task lastTask, State next, Scope scope, Object state, Boolean isCompleted)
   at Microsoft.AspNetCore.Mvc.Infrastructure.ResourceInvoker.Rethrow(ResourceExecutedContextSealed context)
   at Microsoft.AspNetCore.Mvc.Infrastructure.ResourceInvoker.Next(State& next, Scope& scope, Object& state, Boolean& isCompleted)
   at Microsoft.AspNetCore.Mvc.Infrastructure.ResourceInvoker.<InvokeFilterPipelineAsync>g__Awaited|19_0(ResourceInvoker invoker, Task lastTask, State next, Scope scope, Object state, Boolean isCompleted)
   at Microsoft.AspNetCore.Mvc.Infrastructure.ResourceInvoker.<InvokeAsync>g__Awaited|17_0(ResourceInvoker invoker, Task task, IDisposable scope)
   at Microsoft.AspNetCore.Routing.EndpointMiddleware.<Invoke>g__AwaitRequestTask|6_0(Endpoint endpoint, Task requestTask, ILogger logger)
   at Microsoft.AspNetCore.Session.SessionMiddleware.Invoke(HttpContext context)
   at Microsoft.AspNetCore.Session.SessionMiddleware.Invoke(HttpContext context)
   at Microsoft.AspNetCore.Authorization.AuthorizationMiddleware.Invoke(HttpContext context)
   at Microsoft.AspNetCore.Diagnostics.DeveloperExceptionPageMiddleware.Invoke(HttpContext context)
INFO  10:47:56 Subscription Controller - Index method called
ERROR 10:48:00 An unhandled exception has occurred while executing the request.
System.Net.Http.HttpRequestException: No connection could be made because the target machine actively refused it. (localhost:44337)
 ---> System.Net.Sockets.SocketException (10061): No connection could be made because the target machine actively refused it.
   at System.Net.Sockets.Socket.AwaitableSocketAsyncEventArgs.ThrowException(SocketError error, CancellationToken cancellationToken)
   at System.Net.Sockets.Socket.AwaitableSocketAsyncEventArgs.System.Threading.Tasks.Sources.IValueTaskSource.GetResult(Int16 token)
   at System.Net.Sockets.Socket.<ConnectAsync>g__WaitForConnectWithCancellation|283_0(AwaitableSocketAsyncEventArgs saea, ValueTask connectTask, CancellationToken cancellationToken)
   at System.Net.Http.HttpConnectionPool.DefaultConnectAsync(SocketsHttpConnectionContext context, CancellationToken cancellationToken)
   at System.Net.Http.ConnectHelper.ConnectAsync(Func`3 callback, DnsEndPoint endPoint, HttpRequestMessage requestMessage, CancellationToken cancellationToken)
   --- End of inner exception stack trace ---
   at System.Net.Http.ConnectHelper.ConnectAsync(Func`3 callback, DnsEndPoint endPoint, HttpRequestMessage requestMessage, CancellationToken cancellationToken)
   at System.Net.Http.HttpConnectionPool.ConnectAsync(HttpRequestMessage request, Boolean async, CancellationToken cancellationToken)
   at System.Net.Http.HttpConnectionPool.CreateHttp11ConnectionAsync(HttpRequestMessage request, Boolean async, CancellationToken cancellationToken)
   at System.Net.Http.HttpConnectionPool.GetHttpConnectionAsync(HttpRequestMessage request, Boolean async, CancellationToken cancellationToken)
   at System.Net.Http.HttpConnectionPool.SendWithRetryAsync(HttpRequestMessage request, Boolean async, Boolean doRequestAuth, CancellationToken cancellationToken)
   at System.Net.Http.RedirectHandler.SendAsync(HttpRequestMessage request, Boolean async, CancellationToken cancellationToken)
   at System.Net.Http.DiagnosticsHandler.SendAsyncCore(HttpRequestMessage request, Boolean async, CancellationToken cancellationToken)
   at System.Net.Http.HttpClient.SendAsyncCore(HttpRequestMessage request, HttpCompletionOption completionOption, Boolean async, Boolean emitTelemetryStartStop, CancellationToken cancellationToken)
   at NewspaperKart.Controllers.SubscriptionController.Index() in C:\Users\Administrator\Documents\Technical_Training\Projects\Newspapercartsite\NewspaperKart\NewspaperKart\Controllers\SubscriptionController.cs:line 33
   at lambda_method107(Closure , Object )
   at Microsoft.AspNetCore.Mvc.Infrastructure.ActionMethodExecutor.TaskOfActionResultExecutor.Execute(IActionResultTypeMapper mapper, ObjectMethodExecutor executor, Object controller, Object[] arguments)
   at Microsoft.AspNetCore.Mvc.Infrastructure.ControllerActionInvoker.<InvokeActionMethodAsync>g__Awaited|12_0(ControllerActionInvoker invoker, ValueTask`1 actionResultValueTask)
   at Microsoft.AspNetCore.Mvc.Infrastructure.ControllerActionInvoker.<InvokeNextActionFilterAsync>g__Awaited|10_0(ControllerActionInvoker invoker, Task lastTask, State next, Scope scope, Object state, Boolean isCompleted)
   at Microsoft.AspNetCore.Mvc.Infrastructure.ControllerActionInvoker.Rethrow(ActionExecutedContextSealed context)
   at Microsoft.AspNetCore.Mvc.Infrastructure.ControllerActionInvoker.Next(State& next, Scope& scope, Object& state, Boolean& isCompleted)
   at Microsoft.AspNetCore.Mvc.Infrastructure.ControllerActionInvoker.<InvokeInnerFilterAsync>g__Awaited|13_0(ControllerActionInvoker invoker, Task lastTask, State next, Scope scope, Object state, Boolean isCompleted)
   at Microsoft.AspNetCore.Mvc.Infrastructure.ResourceInvoker.<InvokeNextResourceFilter>g__Awaited|24_0(ResourceInvoker invoker, Task lastTask, State next, Scope scope, Object state, Boolean isCompleted)
   at Microsoft.AspNetCore.Mvc.Infrastructure.ResourceInvoker.Rethrow(ResourceExecutedContextSealed context)
   at Microsoft.AspNetCore.Mvc.Infrastructure.ResourceInvoker.Next(State& next, Scope& scope, Object& state, Boolean& isCompleted)
   at Microsoft.AspNetCore.Mvc.Infrastructure.ResourceInvoker.<InvokeFilterPipelineAsync>g__Awaited|19_0(ResourceInvoker invoker, Task lastTask, State next, Scope scope, Object state, Boolean isCompleted)
   at Microsoft.AspNetCore.Mvc.Infrastructure.ResourceInvoker.<InvokeAsync>g__Awaited|17_0(ResourceInvoker invoker, Task task, IDisposable scope)
   at Microsoft.AspNetCore.Routing.EndpointMiddleware.<Invoke>g__AwaitRequestTask|6_0(Endpoint endpoint, Task requestTask, ILogger logger)
   at Microsoft.AspNetCore.Session.SessionMiddleware.Invoke(HttpContext context)
   at Microsoft.AspNetCore.Session.SessionMiddleware.Invoke(HttpContext context)
   at Microsoft.AspNetCore.Authorization.AuthorizationMiddleware.Invoke(HttpContext context)
   at Microsoft.AspNetCore.Diagnostics.DeveloperExceptionPageMiddleware.Invoke(HttpContext context)
INFO  10:49:10 Subscription Controller - Add method called
INFO  10:49:10 User Rob Subscribed newspaper with id 1
INFO  10:50:32 Home Controller - Index method called
INFO  10:50:47 Subscription Controller - Index method called
INFO  10:52:40 Application started. Press Ctrl+C to shut down.
INFO  10:52:40 Hosting environment: Development
INFO  10:52:40 Content root path: C:\Users\Administrator\Documents\Technical_Training\Projects\Newspapercartsite\NewspaperKart\NewspaperKart
INFO  10:52:40 Subscription Controller - Index method called
INFO  10:52:59 Application started. Press Ctrl+C to shut down.
INFO  10:52:59 Hosting environment: Development
INFO  10:52:59 Content root path: C:\Users\Administrator\Documents\Technical_Training\Projects\Newspapercartsite\NewspaperKart\NewspaperKart
INFO  10:52:59 Subscription Controller - Index method called
INFO  10:53:04 Subscription Controller - Index method called
INFO  10:53:05 Subscription Controller - Index method called
INFO  10:53:21 Subscription Controller - Index method called
INFO  10:53:31 Subscription Controller - Index method called
INFO  10:53:36 Subscription Controller - Delete method called
INFO  10:53:36 Subscription with id 5 is deleted
INFO  10:53:36 Subscription Controller - Index method called
INFO  10:54:01 Subscription Controller - Add method called
INFO  10:54:01 User asd Subscribed newspaper with id 1
INFO  10:54:01 Subscription Controller - Index method called
INFO  10:54:18 Subscription Controller - Add method called
INFO  10:54:18 User asd Subscribed newspaper with id 1
INFO  10:54:18 Subscription Controller - Index method called
INFO  10:54:21 Subscription Controller - Delete method called
INFO  10:54:21 Subscription with id 7 is deleted
INFO  10:54:21 Subscription Controller - Index method called
INFO  10:54:24 Subscription Controller - Delete method called
INFO  10:54:24 Subscription with id 6 is deleted
INFO  10:54:24 Subscription Controller - Index method called
INFO  10:54:43 Application started. Press Ctrl+C to shut down.
INFO  10:54:43 Hosting environment: Development
INFO  10:54:43 Content root path: C:\Users\Administrator\Documents\Technical_Training\Projects\Newspapercartsite\NewspaperKart\NewspaperKart
INFO  10:54:43 Subscription Controller - Index method called
INFO  10:56:55 Application started. Press Ctrl+C to shut down.
INFO  10:56:55 Hosting environment: Development
INFO  10:56:55 Content root path: C:\Users\Administrator\Documents\Technical_Training\Projects\Newspapercartsite\NewspaperKart\NewspaperKart
INFO  10:57:10 Subscription Controller - Add method called
INFO  10:57:10 User asp Subscribed newspaper with id 1
INFO  10:57:33 Subscription Controller - Index method called
INFO  10:57:48 Application started. Press Ctrl+C to shut down.
INFO  10:57:48 Hosting environment: Development
INFO  10:57:48 Content root path: C:\Users\Administrator\Documents\Technical_Training\Projects\Newspapercartsite\NewspaperKart\NewspaperKart
INFO  10:57:48 Subscription Controller - Index method called
INFO  10:57:54 Application started. Press Ctrl+C to shut down.
INFO  10:57:54 Hosting environment: Development
INFO  10:57:54 Content root path: C:\Users\Administrator\Documents\Technical_Training\Projects\Newspapercartsite\NewspaperKart\NewspaperKart
INFO  10:57:54 Subscription Controller - Index method called
INFO  10:58:32 Application started. Press Ctrl+C to shut down.
INFO  10:58:32 Hosting environment: Development
INFO  10:58:32 Content root path: C:\Users\Administrator\Documents\Technical_Training\Projects\Newspapercartsite\NewspaperKart\NewspaperKart
INFO  10:58:43 Home Controller - Index method called
INFO  10:58:59 Application started. Press Ctrl+C to shut down.
INFO  10:58:59 Hosting environment: Development
INFO  10:58:59 Content root path: C:\Users\Administrator\Documents\Technical_Training\Projects\Newspapercartsite\NewspaperKart\NewspaperKart
INFO  10:58:59 Home Controller - Index method called
INFO  10:59:04 Demo Controller - Index method called(Home Page)
INFO  10:59:10 Subscription Controller - Index method called
INFO  10:59:12 Subscription Controller - Delete method called
INFO  10:59:12 Subscription with id 8 is deleted
INFO  10:59:12 Subscription Controller - Index method called
INFO  10:59:45 Home Controller - Index method called
INFO  11:00:25 Application started. Press Ctrl+C to shut down.
INFO  11:00:25 Hosting environment: Development
INFO  11:00:25 Content root path: C:\Users\Administrator\Documents\Technical_Training\Projects\Newspapercartsite\NewspaperKart\NewspaperKart
INFO  11:00:34 Application started. Press Ctrl+C to shut down.
INFO  11:00:34 Hosting environment: Development
INFO  11:00:34 Content root path: C:\Users\Administrator\Documents\Technical_Training\Projects\Newspapercartsite\NewspaperKart\NewspaperKart
INFO  11:00:43 Application started. Press Ctrl+C to shut down.
INFO  11:00:43 Hosting environment: Development
INFO  11:00:43 Content root path: C:\Users\Administrator\Documents\Technical_Training\Projects\Newspapercartsite\NewspaperKart\NewspaperKart
INFO  11:00:52 Home Controller - Index method called
INFO  11:00:56 NewspaperDetails Controller - Times of India
INFO  11:01:10 Application started. Press Ctrl+C to shut down.
INFO  11:01:10 Hosting environment: Development
INFO  11:01:10 Content root path: C:\Users\Administrator\Documents\Technical_Training\Projects\Newspapercartsite\NewspaperKart\NewspaperKart
INFO  11:01:47 Application started. Press Ctrl+C to shut down.
INFO  11:01:47 Hosting environment: Development
INFO  11:01:47 Content root path: C:\Users\Administrator\Documents\Technical_Training\Projects\Newspapercartsite\NewspaperKart\NewspaperKart
INFO  11:04:14 Application started. Press Ctrl+C to shut down.
INFO  11:04:14 Hosting environment: Development
INFO  11:04:14 Content root path: C:\Users\Administrator\Documents\Technical_Training\Projects\Newspapercartsite\NewspaperKart\NewspaperKart
INFO  11:06:11 Application started. Press Ctrl+C to shut down.
INFO  11:06:11 Hosting environment: Development
INFO  11:06:11 Content root path: C:\Users\Administrator\Documents\Technical_Training\Projects\Newspapercartsite\NewspaperKart\NewspaperKart
INFO  11:07:00 Application started. Press Ctrl+C to shut down.
INFO  11:07:00 Hosting environment: Development
INFO  11:07:00 Content root path: C:\Users\Administrator\Documents\Technical_Training\Projects\Newspapercartsite\NewspaperKart\NewspaperKart
INFO  11:07:05 Subscription Controller - Index method called
INFO  11:21:17 Application started. Press Ctrl+C to shut down.
INFO  11:21:17 Hosting environment: Development
INFO  11:21:17 Content root path: C:\Users\Administrator\Documents\Technical_Training\Projects\Newspapercartsite\NewspaperKart\NewspaperKart
INFO  11:21:18 Subscription Controller - Index method called
INFO  11:21:38 Application started. Press Ctrl+C to shut down.
INFO  11:21:38 Hosting environment: Development
INFO  11:21:38 Content root path: C:\Users\Administrator\Documents\Technical_Training\Projects\Newspapercartsite\NewspaperKart\NewspaperKart
INFO  11:21:38 Subscription Controller - Index method called
INFO  11:22:01 Application started. Press Ctrl+C to shut down.
INFO  11:22:01 Hosting environment: Development
INFO  11:22:01 Content root path: C:\Users\Administrator\Documents\Technical_Training\Projects\Newspapercartsite\NewspaperKart\NewspaperKart
INFO  11:22:01 Subscription Controller - Index method called
INFO  11:31:00 Application started. Press Ctrl+C to shut down.
INFO  11:31:00 Hosting environment: Development
INFO  11:31:00 Content root path: C:\Users\Administrator\Documents\Technical_Training\Projects\Newspapercartsite\NewspaperKart\NewspaperKart
INFO  11:31:17 Application started. Press Ctrl+C to shut down.
INFO  11:31:17 Hosting environment: Development
INFO  11:31:17 Content root path: C:\Users\Administrator\Documents\Technical_Training\Projects\Newspapercartsite\NewspaperKart\NewspaperKart
INFO  11:31:30 Application started. Press Ctrl+C to shut down.
INFO  11:31:30 Hosting environment: Development
INFO  11:31:30 Content root path: C:\Users\Administrator\Documents\Technical_Training\Projects\Newspapercartsite\NewspaperKart\NewspaperKart
INFO  11:32:39 Application started. Press Ctrl+C to shut down.
INFO  11:32:39 Hosting environment: Development
INFO  11:32:39 Content root path: C:\Users\Administrator\Documents\Technical_Training\Projects\Newspapercartsite\NewspaperKart\NewspaperKart
INFO  09:46:08 Application started. Press Ctrl+C to shut down.
INFO  09:46:08 Hosting environment: Development
INFO  09:46:08 Content root path: C:\Users\Administrator\Documents\Technical_Training\Projects\Newspapercartsite\NewspaperKart\NewspaperKart
INFO  09:46:08 Demo Controller - Index method called(Home Page)
INFO  09:47:40 Application started. Press Ctrl+C to shut down.
INFO  09:47:40 Hosting environment: Development
INFO  09:47:40 Content root path: C:\Users\Administrator\Documents\Technical_Training\Projects\Newspapercartsite\NewspaperKart\NewspaperKart
INFO  09:47:40 Demo Controller - Index method called(Home Page)
INFO  09:48:00 Home Controller - Index method called
INFO  09:48:04 NewspaperDetails Controller - Times of India
INFO  09:49:23 Application started. Press Ctrl+C to shut down.
INFO  09:49:23 Hosting environment: Development
INFO  09:49:23 Content root path: C:\Users\Administrator\Documents\Technical_Training\Projects\Newspapercartsite\NewspaperKart\NewspaperKart
INFO  09:49:23 Demo Controller - Index method called(Home Page)
INFO  09:49:31 Home Controller - Index method called
INFO  09:49:36 Subscription Controller - Index method called
ERROR 09:49:40 An unhandled exception has occurred while executing the request.
System.Net.Http.HttpRequestException: No connection could be made because the target machine actively refused it. (localhost:44337)
 ---> System.Net.Sockets.SocketException (10061): No connection could be made because the target machine actively refused it.
   at System.Net.Sockets.Socket.AwaitableSocketAsyncEventArgs.ThrowException(SocketError error, CancellationToken cancellationToken)
   at System.Net.Sockets.Socket.AwaitableSocketAsyncEventArgs.System.Threading.Tasks.Sources.IValueTaskSource.GetResult(Int16 token)
   at System.Net.Sockets.Socket.<ConnectAsync>g__WaitForConnectWithCancellation|283_0(AwaitableSocketAsyncEventArgs saea, ValueTask connectTask, CancellationToken cancellationToken)
   at System.Net.Http.HttpConnectionPool.DefaultConnectAsync(SocketsHttpConnectionContext context, CancellationToken cancellationToken)
   at System.Net.Http.ConnectHelper.ConnectAsync(Func`3 callback, DnsEndPoint endPoint, HttpRequestMessage requestMessage, CancellationToken cancellationToken)
   --- End of inner exception stack trace ---
   at System.Net.Http.ConnectHelper.ConnectAsync(Func`3 callback, DnsEndPoint endPoint, HttpRequestMessage requestMessage, CancellationToken cancellationToken)
   at System.Net.Http.HttpConnectionPool.ConnectAsync(HttpRequestMessage request, Boolean async, CancellationToken cancellationToken)
   at System.Net.Http.HttpConnectionPool.CreateHttp11ConnectionAsync(HttpRequestMessage request, Boolean async, CancellationToken cancellationToken)
   at System.Net.Http.HttpConnectionPool.GetHttpConnectionAsync(HttpRequestMessage request, Boolean async, CancellationToken cancellationToken)
   at System.Net.Http.HttpConnectionPool.SendWithRetryAsync(HttpRequestMessage request, Boolean async, Boolean doRequestAuth, CancellationToken cancellationToken)
   at System.Net.Http.RedirectHandler.SendAsync(HttpRequestMessage request, Boolean async, CancellationToken cancellationToken)
   at System.Net.Http.DiagnosticsHandler.SendAsyncCore(HttpRequestMessage request, Boolean async, CancellationToken cancellationToken)
   at System.Net.Http.HttpClient.SendAsyncCore(HttpRequestMessage request, HttpCompletionOption completionOption, Boolean async, Boolean emitTelemetryStartStop, CancellationToken cancellationToken)
   at NewspaperKart.Controllers.SubscriptionController.Index() in C:\Users\Administrator\Documents\Technical_Training\Projects\Newspapercartsite\NewspaperKart\NewspaperKart\Controllers\SubscriptionController.cs:line 33
   at lambda_method82(Closure , Object )
   at Microsoft.AspNetCore.Mvc.Infrastructure.ActionMethodExecutor.TaskOfActionResultExecutor.Execute(IActionResultTypeMapper mapper, ObjectMethodExecutor executor, Object controller, Object[] arguments)
   at Microsoft.AspNetCore.Mvc.Infrastructure.ControllerActionInvoker.<InvokeActionMethodAsync>g__Awaited|12_0(ControllerActionInvoker invoker, ValueTask`1 actionResultValueTask)
   at Microsoft.AspNetCore.Mvc.Infrastructure.ControllerActionInvoker.<InvokeNextActionFilterAsync>g__Awaited|10_0(ControllerActionInvoker invoker, Task lastTask, State next, Scope scope, Object state, Boolean isCompleted)
   at Microsoft.AspNetCore.Mvc.Infrastructure.ControllerActionInvoker.Rethrow(ActionExecutedContextSealed context)
   at Microsoft.AspNetCore.Mvc.Infrastructure.ControllerActionInvoker.Next(State& next, Scope& scope, Object& state, Boolean& isCompleted)
   at Microsoft.AspNetCore.Mvc.Infrastructure.ControllerActionInvoker.<InvokeInnerFilterAsync>g__Awaited|13_0(ControllerActionInvoker invoker, Task lastTask, State next, Scope scope, Object state, Boolean isCompleted)
   at Microsoft.AspNetCore.Mvc.Infrastructure.ResourceInvoker.<InvokeNextResourceFilter>g__Awaited|24_0(ResourceInvoker invoker, Task lastTask, State next, Scope scope, Object state, Boolean isCompleted)
   at Microsoft.AspNetCore.Mvc.Infrastructure.ResourceInvoker.Rethrow(ResourceExecutedContextSealed context)
   at Microsoft.AspNetCore.Mvc.Infrastructure.ResourceInvoker.Next(State& next, Scope& scope, Object& state, Boolean& isCompleted)
   at Microsoft.AspNetCore.Mvc.Infrastructure.ResourceInvoker.<InvokeFilterPipelineAsync>g__Awaited|19_0(ResourceInvoker invoker, Task lastTask, State next, Scope scope, Object state, Boolean isCompleted)
   at Microsoft.AspNetCore.Mvc.Infrastructure.ResourceInvoker.<InvokeAsync>g__Awaited|17_0(ResourceInvoker invoker, Task task, IDisposable scope)
   at Microsoft.AspNetCore.Routing.EndpointMiddleware.<Invoke>g__AwaitRequestTask|6_0(Endpoint endpoint, Task requestTask, ILogger logger)
   at Microsoft.AspNetCore.Session.SessionMiddleware.Invoke(HttpContext context)
   at Microsoft.AspNetCore.Session.SessionMiddleware.Invoke(HttpContext context)
   at Microsoft.AspNetCore.Authorization.AuthorizationMiddleware.Invoke(HttpContext context)
   at Microsoft.AspNetCore.Diagnostics.DeveloperExceptionPageMiddleware.Invoke(HttpContext context)
INFO  09:50:16 Application started. Press Ctrl+C to shut down.
INFO  09:50:16 Hosting environment: Development
INFO  09:50:16 Content root path: C:\Users\Administrator\Documents\Technical_Training\Projects\Newspapercartsite\NewspaperKart\NewspaperKart
INFO  09:50:37 Application started. Press Ctrl+C to shut down.
INFO  09:50:37 Hosting environment: Development
INFO  09:50:37 Content root path: C:\Users\Administrator\Documents\Technical_Training\Projects\Newspapercartsite\NewspaperKart\NewspaperKart
INFO  09:50:50 Application started. Press Ctrl+C to shut down.
INFO  09:50:50 Hosting environment: Development
INFO  09:50:50 Content root path: C:\Users\Administrator\Documents\Technical_Training\Projects\Newspapercartsite\NewspaperKart\NewspaperKart
INFO  09:51:00 Application started. Press Ctrl+C to shut down.
INFO  09:51:00 Hosting environment: Development
INFO  09:51:00 Content root path: C:\Users\Administrator\Documents\Technical_Training\Projects\Newspapercartsite\NewspaperKart\NewspaperKart
INFO  09:51:18 Application started. Press Ctrl+C to shut down.
INFO  09:51:18 Hosting environment: Development
INFO  09:51:18 Content root path: C:\Users\Administrator\Documents\Technical_Training\Projects\Newspapercartsite\NewspaperKart\NewspaperKart
INFO  09:51:29 Application started. Press Ctrl+C to shut down.
INFO  09:51:29 Hosting environment: Development
INFO  09:51:29 Content root path: C:\Users\Administrator\Documents\Technical_Training\Projects\Newspapercartsite\NewspaperKart\NewspaperKart
INFO  09:59:59 Application started. Press Ctrl+C to shut down.
INFO  09:59:59 Hosting environment: Development
INFO  09:59:59 Content root path: C:\Users\Administrator\Documents\Technical_Training\Projects\Newspapercartsite\NewspaperKart\NewspaperKart
INFO  10:00:18 Application started. Press Ctrl+C to shut down.
INFO  10:00:18 Hosting environment: Development
INFO  10:00:18 Content root path: C:\Users\Administrator\Documents\Technical_Training\Projects\Newspapercartsite\NewspaperKart\NewspaperKart
INFO  10:00:27 Application started. Press Ctrl+C to shut down.
INFO  10:00:27 Hosting environment: Development
INFO  10:00:27 Content root path: C:\Users\Administrator\Documents\Technical_Training\Projects\Newspapercartsite\NewspaperKart\NewspaperKart
INFO  10:20:07 Application started. Press Ctrl+C to shut down.
INFO  10:20:07 Hosting environment: Development
INFO  10:20:07 Content root path: C:\Users\Administrator\Documents\Technical_Training\Projects\Newspapercartsite\NewspaperKart\NewspaperKart
INFO  10:20:56 NewspaperDetails Controller - Indian Express
INFO  10:21:08 Home Controller - Index method called
INFO  10:22:36 Application started. Press Ctrl+C to shut down.
INFO  10:22:36 Hosting environment: Development
INFO  10:22:36 Content root path: C:\Users\Administrator\Documents\Technical_Training\Projects\Newspapercartsite\NewspaperKart\NewspaperKart
INFO  10:22:36 Home Controller - Index method called
